[2026-04-15T00:00:00Z] BUILD START — Phase 1 Cycle 1
[2026-04-15T00:00:00Z] Reading validated.md — COMPLETE
[2026-04-15T00:00:00Z] CHECKPOINT-1: Installing dependencies
[2026-04-15T00:00:00Z]   Dependency: Node.js built-in crypto — stdlib, no install required → exit 0 (N/A)
[2026-04-15T00:00:00Z]   Dependency: Node.js built-in fs — stdlib, no install required → exit 0 (N/A)
[2026-04-15T00:00:00Z]   Dependency: psql — operator tool, not installed by Builder → noted
[2026-04-15T00:00:00Z] CHECKPOINT-1: COMPLETE
[2026-04-15T00:00:00Z] CHECKPOINT-2: Creating data models (N/A — no model type deliverables in this phase)
[2026-04-15T00:00:00Z] CHECKPOINT-2: COMPLETE (no model files required)
[2026-04-15T00:00:00Z] CHECKPOINT-3: Creating services/logic and source files
[2026-04-15T00:00:00Z]   Created backend/scripts/generate_signing_key.js
[2026-04-15T00:00:00Z]   Created backend/migrations/add_signature_to_module_versions.sql
[2026-04-15T00:00:00Z]   Created backend/scripts/.gitignore
[2026-04-15T00:00:00Z] CHECKPOINT-3: COMPLETE
[2026-04-15T00:00:00Z] CHECKPOINT-4: Creating test files
[2026-04-15T00:00:00Z]   Created tests/phase-1/test_phase1.sh
[2026-04-15T00:00:00Z] CHECKPOINT-4: COMPLETE
[2026-04-15T00:00:00Z] SELF_CHECK: Starting
[2026-04-15T00:00:00Z] SELF_CHECK: All files in File Manifest exist on disk — verified
[2026-04-15T00:00:00Z] SELF_CHECK: No install failures (stdlib only, no npm install needed)
[2026-04-15T00:00:00Z] SELF_CHECK: No FATAL errors in build.log
[2026-04-15T00:00:00Z] SELF_CHECK: Launch verification — NOT APPLICABLE (scripts phase, not app)
[2026-04-15T00:00:00Z] SELF_CHECK: PASSED
[2026-04-15T00:00:00Z] BUILD COMPLETE
