[2026-04-15T00:00:00Z] BUILD START — Phase 3 Cycle 1
[2026-04-15T00:00:00Z] Reading validated.md — COMPLETE
[2026-04-15T00:00:00Z] Reading backend/api/modules/index.js — COMPLETE
[2026-04-15T00:00:00Z] CHECKPOINT-1: Dependency check
[2026-04-15T00:00:00Z]   No new dependencies to install (validated.md: install_command = none)
[2026-04-15T00:00:00Z]   @supabase/supabase-js 2.39.0 already in package.json — no action needed
[2026-04-15T00:00:00Z] CHECKPOINT-1: COMPLETE
[2026-04-15T00:00:00Z] CHECKPOINT-2: Data models — NOT APPLICABLE (no model files in this phase)
[2026-04-15T00:00:00Z] CHECKPOINT-2: COMPLETE (skipped — no models)
[2026-04-15T00:00:00Z] CHECKPOINT-3: Services/Logic — modifying backend/api/modules/index.js
[2026-04-15T00:00:00Z]   Change 1: Added `signature,` to module_versions sub-select in .select() string
[2026-04-15T00:00:00Z]   Change 2: Added `signature: v.signature ?? null,` to returned object in .map() callback
[2026-04-15T00:00:00Z]   Modified backend/api/modules/index.js
[2026-04-15T00:00:00Z] CHECKPOINT-3: COMPLETE
[2026-04-15T00:00:00Z] CHECKPOINT-4: Test files — NOT APPLICABLE (no test files in this phase per validated.md File Manifest)
[2026-04-15T00:00:00Z] CHECKPOINT-4: COMPLETE (skipped — no test files in File Manifest)
[2026-04-15T00:00:00Z] SELF_CHECK: Starting
[2026-04-15T00:00:00Z] SELF_CHECK: backend/api/modules/index.js exists on disk ✓
[2026-04-15T00:00:00Z] SELF_CHECK: No install commands to verify (none required) ✓
[2026-04-15T00:00:00Z] SELF_CHECK: No FATAL errors in build log ✓
[2026-04-15T00:00:00Z] SELF_CHECK: File modified is backend/api/modules/index.js — within permitted scope ✓
[2026-04-15T00:00:00Z] SELF_CHECK: signature added to SELECT projection ✓
[2026-04-15T00:00:00Z] SELF_CHECK: signature uses v.signature ?? null (not ?? '') ✓
[2026-04-15T00:00:00Z] SELF_CHECK: No other response fields added, removed, or renamed ✓
[2026-04-15T00:00:00Z] SELF_CHECK: File remains CommonJS (module.exports = async function handler) ✓
[2026-04-15T00:00:00Z] SELF_CHECK: PASSED
[2026-04-15T00:00:00Z] BUILD COMPLETE
