[2026-04-03T00:00:00Z] BUILD START — phase-8-5-ref-data-products Cycle 1
[2026-04-03T00:00:00Z] Reading validated.md — COMPLETE
[2026-04-03T00:00:00Z] CHECKPOINT-1: Dependencies — COMPLETE (no new installs)
[2026-04-03T00:00:00Z]   Verified backend/package.json → @supabase/supabase-js ^2.39.0 present
[2026-04-03T00:00:00Z]   Verified backend/package.json → jsonwebtoken ^9.0.0 present
[2026-04-03T00:00:00Z]   Verified modules/quality-inspector/package.json → react ^18.2.0 present
[2026-04-03T00:00:00Z]   Verified modules/quality-inspector/package.json → webpack ^5.88.0 in devDependencies present
[2026-04-03T00:00:00Z] CHECKPOINT-1: COMPLETE
[2026-04-03T00:00:00Z] CHECKPOINT-2: Verified backend files
[2026-04-03T00:00:00Z]   Verified backend/api/products/index.js — GET, requireAuth, SELECT id/barcode/name/description, ORDER name ASC, LIMIT 100, returns { products: [] }
[2026-04-03T00:00:00Z]   Verified backend/api/products/update.js — PATCH, requireAuth, validates id + description, .update().eq().select().single(), returns { success: true, product: { id, description } }
[2026-04-03T00:00:00Z]   Verified backend/api/sync/index.js (update_product_description case present after stock_count — lines 175-218)
[2026-04-03T00:00:00Z] CHECKPOINT-2: COMPLETE
[2026-04-03T00:00:00Z] CHECKPOINT-3: Verified module files
[2026-04-03T00:00:00Z]   Verified modules/quality-inspector/src/App.jsx — all required features present (products state, selectedProduct, editDescription, refreshing, refRef, fetchProducts, handleRefresh, product select dropdown, description edit field, setInterval 300000, dual-action submit, barcode auto-select, canSubmit, button order)
[2026-04-03T00:00:00Z]   Verified modules/quality-inspector/package.json → version = 1.2.0
[2026-04-03T00:00:00Z]   Verified phase-5-module-cdn/upload-to-supabase.js → quality-inspector/1.2.0/bundle.js and index.html present; inventory-checker/1.1.2 unchanged
[2026-04-03T00:00:00Z] CHECKPOINT-3: COMPLETE
[2026-04-03T00:00:00Z] CHECKPOINT-4: Test files written
[2026-04-03T00:00:00Z]   Written backend/tests/products.test.js — covers AC-8.5.1 and AC-8.5.2 using Node built-in assert + http/https
[2026-04-03T00:00:00Z] CHECKPOINT-4: COMPLETE
[2026-04-03T00:00:00Z] LAUNCH_VERIFICATION: npm run build
[2026-04-03T00:00:00Z]   build_command: npm run build (in modules/quality-inspector)
[2026-04-03T00:00:00Z]   build_result: SUCCESS — webpack 5.105.4 compiled successfully in 6453 ms
[2026-04-03T00:00:00Z]   build_output: asset bundle.js 151 KiB [emitted] [minimized]; asset index.html 463 bytes [compared for emit]
[2026-04-03T00:00:00Z]   dist/bundle.js: EXISTS (151 KiB)
[2026-04-03T00:00:00Z]   dist/index.html: EXISTS (463 bytes)
[2026-04-03T00:00:00Z] SELF_CHECK: PASSED
[2026-04-03T00:00:00Z]   [x] backend/api/products/index.js exists
[2026-04-03T00:00:00Z]   [x] backend/api/products/update.js exists
[2026-04-03T00:00:00Z]   [x] backend/api/sync/index.js has update_product_description case
[2026-04-03T00:00:00Z]   [x] modules/quality-inspector/src/App.jsx has all required features
[2026-04-03T00:00:00Z]   [x] modules/quality-inspector/package.json version = 1.2.0
[2026-04-03T00:00:00Z]   [x] phase-5-module-cdn/upload-to-supabase.js has 1.2.0 paths
[2026-04-03T00:00:00Z]   [x] dist/bundle.js exists
[2026-04-03T00:00:00Z]   [x] dist/index.html exists
[2026-04-03T00:00:00Z]   [x] No FATAL errors in build output
[2026-04-03T00:00:00Z]   [x] All checkpoint files written
[2026-04-03T00:00:00Z] BUILD COMPLETE
