[2026-04-15T00:00:00Z] BUILD START — Phase 2 Cycle 1 (phase-2-backend-signing-scripts)
[2026-04-15T00:00:00Z] Reading validated.md — COMPLETE
[2026-04-15T00:00:00Z] Reading ROLE.md, PROTOCOL.md, SCHEMA.md — COMPLETE
[2026-04-15T00:00:00Z] Reading backend/package.json — @supabase/supabase-js ^2.39.0 CONFIRMED PRESENT
[2026-04-15T00:00:00Z] Reading backend/scripts/generate_signing_key.js — Phase 1 reference read
[2026-04-15T00:00:00Z] Verified Phase 1 outputs: private_key.pem and public_key.pem exist in backend/scripts/

[2026-04-15T00:00:00Z] CHECKPOINT-1: Installing dependencies
[2026-04-15T00:00:00Z]   crypto (Node.js 20.x built-in) — no install needed → exit 0
[2026-04-15T00:00:00Z]   fs (Node.js 20.x built-in) — no install needed → exit 0
[2026-04-15T00:00:00Z]   path (Node.js 20.x built-in) — no install needed → exit 0
[2026-04-15T00:00:00Z]   child_process (Node.js 20.x built-in) — no install needed → exit 0
[2026-04-15T00:00:00Z]   @supabase/supabase-js — already in backend/package.json → no new install → exit 0
[2026-04-15T00:00:00Z] CHECKPOINT-1: COMPLETE

[2026-04-15T00:00:00Z] CHECKPOINT-2: Creating data models
[2026-04-15T00:00:00Z]   No model-type deliverables in this phase — skipped
[2026-04-15T00:00:00Z] CHECKPOINT-2: COMPLETE

[2026-04-15T00:00:00Z] CHECKPOINT-3: Creating services/scripts
[2026-04-15T00:00:00Z]   Created backend/scripts/sign_bundle.js (2485 bytes)
[2026-04-15T00:00:00Z]   Created backend/scripts/upload_module.js (6212 bytes)
[2026-04-15T00:00:00Z] CHECKPOINT-3: COMPLETE

[2026-04-15T00:00:00Z] CHECKPOINT-4: Creating test files
[2026-04-15T00:00:00Z]   Created backend/tests/phase-2/test_phase2.js (10237 bytes)
[2026-04-15T00:00:00Z]   Covers AC-2.1 through AC-2.9 (AC-2.6, AC-2.7 skip gracefully when Supabase env absent)
[2026-04-15T00:00:00Z] CHECKPOINT-4: COMPLETE

[2026-04-15T00:00:00Z] LAUNCH_VERIFICATION
[2026-04-15T00:00:00Z]   build_command: N/A (CLI scripts — no build step)
[2026-04-15T00:00:00Z]   build_result: NOT_APPLICABLE
[2026-04-15T00:00:00Z]   launch_attempted: false
[2026-04-15T00:00:00Z]   launch_command: N/A
[2026-04-15T00:00:00Z]   launch_result: NOT_APPLICABLE (per Important Notes: "Launch verification (Step 4A) does NOT apply — these are CLI scripts, not apps")
[2026-04-15T00:00:00Z]   device: none

[2026-04-15T00:00:00Z] SELF_CHECK: Starting
[2026-04-15T00:00:00Z] SELF_CHECK: backend/scripts/sign_bundle.js exists ✓
[2026-04-15T00:00:00Z] SELF_CHECK: backend/scripts/upload_module.js exists ✓
[2026-04-15T00:00:00Z] SELF_CHECK: backend/tests/phase-2/test_phase2.js exists ✓
[2026-04-15T00:00:00Z] SELF_CHECK: backend/scripts/private_key.pem (Phase 1) untouched ✓
[2026-04-15T00:00:00Z] SELF_CHECK: backend/scripts/public_key.pem (Phase 1) untouched ✓
[2026-04-15T00:00:00Z] SELF_CHECK: backend/scripts/generate_signing_key.js (Phase 1) untouched ✓
[2026-04-15T00:00:00Z] SELF_CHECK: All install commands exit code 0 ✓
[2026-04-15T00:00:00Z] SELF_CHECK: No FATAL errors in build log ✓
[2026-04-15T00:00:00Z] SELF_CHECK: No files written outside backend/scripts/ or backend/tests/ ✓
[2026-04-15T00:00:00Z] SELF_CHECK: All 4 checkpoints written ✓
[2026-04-15T00:00:00Z] SELF_CHECK: built.md sections all present ✓
[2026-04-15T00:00:00Z] SELF_CHECK: Deviations table present ✓
[2026-04-15T00:00:00Z] SELF_CHECK: Confidence report has entry for every deliverable ✓
[2026-04-15T00:00:00Z] SELF_CHECK: PASSED
[2026-04-15T00:00:00Z] BUILD COMPLETE — Phase 2 Cycle 1
